<?xml version="1.0" encoding="UTF-8"?>
<testng-results skipped="0" failed="0" total="1" passed="1">
  <reporter-output>
  </reporter-output>
  <suite name="Suite1" duration-ms="73" started-at="2015-02-11T19:13:41Z" finished-at="2015-02-11T19:13:41Z">
    <groups>
    </groups>
    <test name="Numbers" duration-ms="73" started-at="2015-02-11T19:13:41Z" finished-at="2015-02-11T19:13:41Z">
      <class name="org.seleniumqa.lesson_2.TestCalculation">
        <test-method status="PASS" signature="setUp()[pri:0, instance:org.seleniumqa.lesson_2.TestCalculation@5474c6c]" name="setUp" is-config="true" duration-ms="32" started-at="2015-02-11T21:13:41Z" finished-at="2015-02-11T21:13:41Z">
          <reporter-output>
          </reporter-output>
        </test-method> <!-- setUp -->
        <test-method status="PASS" signature="verifyNumberPosition()[pri:0, instance:org.seleniumqa.lesson_2.TestCalculation@5474c6c]" name="verifyNumberPosition" duration-ms="7" started-at="2015-02-11T21:13:41Z" finished-at="2015-02-11T21:13:41Z">
          <reporter-output>
          </reporter-output>
        </test-method> <!-- verifyNumberPosition -->
        <test-method status="PASS" signature="tearDown()[pri:0, instance:org.seleniumqa.lesson_2.TestCalculation@5474c6c]" name="tearDown" is-config="true" duration-ms="0" started-at="2015-02-11T21:13:41Z" finished-at="2015-02-11T21:13:41Z">
          <reporter-output>
          </reporter-output>
        </test-method> <!-- tearDown -->
      </class> <!-- org.seleniumqa.lesson_2.TestCalculation -->
    </test> <!-- Numbers -->
  </suite> <!-- Suite1 -->
</testng-results>
